-- The C compiler identification is GNU 13.3.0
-- The CXX compiler identification is GNU 13.3.0
-- Detecting C compiler ABI info
-- Detecting C compiler ABI info - done
-- Check for working C compiler: /usr/bin/cc - skipped
-- Detecting C compile features
-- Detecting C compile features - done
-- Detecting CXX compiler ABI info
-- Detecting CXX compiler ABI info - done
-- Check for working CXX compiler: /usr/bin/c++ - skipped
-- Detecting CXX compile features
-- Detecting CXX compile features - done
-- Found ament_cmake: 2.5.4 (/opt/ros/jazzy/share/ament_cmake/cmake)
-- Found Python3: /usr/bin/python3 (found version "3.12.3") found components: Interpreter 
-- Override CMake install command with custom implementation using symlinks instead of copying resources
-- Configuring done (0.4s)
-- Generating done (0.0s)
-- Build files have been written to: /home/beckydlb/Desktop/Monte/perfect/ros2_ws/build/simpler_description
-- Install configuration: ""
-- Execute custom install script
-- Symlinking: /home/beckydlb/Desktop/Monte/perfect/ros2_ws/install/simpler_description/share/simpler_description/models/green_cube/model.config
-- Symlinking: /home/beckydlb/Desktop/Monte/perfect/ros2_ws/install/simpler_description/share/simpler_description/models/green_cube/model.sdf
-- Symlinking: /home/beckydlb/Desktop/Monte/perfect/ros2_ws/install/simpler_description/share/simpler_description/models/modern_table/materials/scripts/table.material
-- Symlinking: /home/beckydlb/Desktop/Monte/perfect/ros2_ws/install/simpler_description/share/simpler_description/models/modern_table/materials/textures/griglia.png
-- Symlinking: /home/beckydlb/Desktop/Monte/perfect/ros2_ws/install/simpler_description/share/simpler_description/models/modern_table/meshes/modern_table.dae
-- Symlinking: /home/beckydlb/Desktop/Monte/perfect/ros2_ws/install/simpler_description/share/simpler_description/models/modern_table/meshes/working area.png
-- Symlinking: /home/beckydlb/Desktop/Monte/perfect/ros2_ws/install/simpler_description/share/simpler_description/models/modern_table/model.config
-- Symlinking: /home/beckydlb/Desktop/Monte/perfect/ros2_ws/install/simpler_description/share/simpler_description/models/modern_table/model.sdf
-- Symlinking: /home/beckydlb/Desktop/Monte/perfect/ros2_ws/install/simpler_description/share/simpler_description/models/red_cube/model.config
-- Symlinking: /home/beckydlb/Desktop/Monte/perfect/ros2_ws/install/simpler_description/share/simpler_description/models/red_cube/model.sdf
-- Symlinking: /home/beckydlb/Desktop/Monte/perfect/ros2_ws/install/simpler_description/share/simpler_description/worlds/pick_place.sdf
-- Symlinking: /home/beckydlb/Desktop/Monte/perfect/ros2_ws/install/simpler_description/share/simpler_description/launch/spawn_cube.launch.py
-- Symlinking: /home/beckydlb/Desktop/Monte/perfect/ros2_ws/install/simpler_description/share/simpler_description/urdf/robotiq_2f_85_patched.urdf.xacro
-- Symlinking: /home/beckydlb/Desktop/Monte/perfect/ros2_ws/install/simpler_description/share/simpler_description/urdf/ur5e_robotiq.urdf.xacro
-- Symlinking: /home/beckydlb/Desktop/Monte/perfect/ros2_ws/install/simpler_description/share/simpler_description/config/ur5e_robotiq.srdf
-- Symlinking: /home/beckydlb/Desktop/Monte/perfect/ros2_ws/install/simpler_description/share/ament_index/resource_index/package_run_dependencies/simpler_description
-- Symlinking: /home/beckydlb/Desktop/Monte/perfect/ros2_ws/install/simpler_description/share/ament_index/resource_index/parent_prefix_path/simpler_description
-- Symlinking: /home/beckydlb/Desktop/Monte/perfect/ros2_ws/install/simpler_description/share/simpler_description/environment/ament_prefix_path.sh
-- Symlinking: /home/beckydlb/Desktop/Monte/perfect/ros2_ws/install/simpler_description/share/simpler_description/environment/ament_prefix_path.dsv
-- Symlinking: /home/beckydlb/Desktop/Monte/perfect/ros2_ws/install/simpler_description/share/simpler_description/environment/path.sh
-- Symlinking: /home/beckydlb/Desktop/Monte/perfect/ros2_ws/install/simpler_description/share/simpler_description/environment/path.dsv
-- Symlinking: /home/beckydlb/Desktop/Monte/perfect/ros2_ws/install/simpler_description/share/simpler_description/local_setup.bash
-- Symlinking: /home/beckydlb/Desktop/Monte/perfect/ros2_ws/install/simpler_description/share/simpler_description/local_setup.sh
-- Symlinking: /home/beckydlb/Desktop/Monte/perfect/ros2_ws/install/simpler_description/share/simpler_description/local_setup.zsh
-- Symlinking: /home/beckydlb/Desktop/Monte/perfect/ros2_ws/install/simpler_description/share/simpler_description/local_setup.dsv
-- Symlinking: /home/beckydlb/Desktop/Monte/perfect/ros2_ws/install/simpler_description/share/simpler_description/package.dsv
-- Symlinking: /home/beckydlb/Desktop/Monte/perfect/ros2_ws/install/simpler_description/share/ament_index/resource_index/packages/simpler_description
-- Symlinking: /home/beckydlb/Desktop/Monte/perfect/ros2_ws/install/simpler_description/share/simpler_description/cmake/simpler_descriptionConfig.cmake
-- Symlinking: /home/beckydlb/Desktop/Monte/perfect/ros2_ws/install/simpler_description/share/simpler_description/cmake/simpler_descriptionConfig-version.cmake
-- Symlinking: /home/beckydlb/Desktop/Monte/perfect/ros2_ws/install/simpler_description/share/simpler_description/package.xml
